Arguments: 
  C:\Program Files\nodejs\node.exe C:\Users\Angel\AppData\Roaming\npm\node_modules\yarn\bin\yarn.js add @fortawesome/free-solid-svg-icons

PATH: 
  C:\Program Files\cmder\bin;C:\Program Files\cmder\vendor\conemu-maximus5\ConEmu\Scripts;C:\Program Files\cmder\vendor\conemu-maximus5;C:\Program Files\cmder\vendor\conemu-maximus5\ConEmu;C:\Program Files\Microsoft MPI\Bin\;C:\Windows\system32;C:\Windows;C:\Windows\System32\Wbem;C:\Windows\System32\WindowsPowerShell\v1.0\;C:\Windows\System32\OpenSSH\;C:\Program Files (x86)\Microsoft SQL Server\140\Tools\Binn\;C:\Program Files\Microsoft SQL Server\140\Tools\Binn\;C:\Program Files (x86)\Microsoft SQL Server\140\DTS\Binn\;C:\Program Files\Microsoft SQL Server\140\DTS\Binn\;C:\Program Files\Microsoft SQL Server\Client SDK\ODBC\130\Tools\Binn\;C:\Program Files\Git\cmd;C:\Program Files (x86)\Microsoft SQL Server\Client SDK\ODBC\130\Tools\Binn\;C:\Program Files (x86)\Microsoft SQL Server\140\Tools\Binn\ManagementStudio\;C:\Program Files\nodejs\;C:\Users\Angel\AppData\Local\Microsoft\WindowsApps;C:\Program Files\Microsoft VS Code\bin;C:\Users\Angel\AppData\Roaming\npm;C:\Program Files\Git\mingw64;C:\Program Files\Git\usr\bin;C:\Program Files\cmder

Yarn version: 
  1.7.0

Node version: 
  10.5.0

Platform: 
  win32 x64

Trace: 
  Error: EBUSY: resource busy or locked, unlink 'C:\Users\Angel\Desktop\Uzziel306\angular-electron\node_modules\electron\dist\content_resources_200_percent.pak'

npm manifest: 
  {
    "name": "angular-electron",
    "version": "4.1.0",
    "description": "Angular 6 with Electron (Typescript + SASS + Hot Reload)",
    "homepage": "https://github.com/maximegris/angular-electron",
    "author": {
      "name": "Maxime GRIS",
      "email": "maxime.gris@gmail.com"
    },
    "keywords": [
      "angular",
      "angular 6",
      "electron",
      "typescript",
      "sass"
    ],
    "main": "main.js",
    "private": true,
    "scripts": {
      "postinstall": "npm run postinstall:electron && npx electron-builder install-app-deps",
      "postinstall:web": "node postinstall-web",
      "postinstall:electron": "node postinstall",
      "ng": "ng",
      "start": "npm run postinstall:electron && npm-run-all -p ng:serve electron:serve",
      "build": "npm run postinstall:electron && npm run electron:tsc && ng build",
      "build:dev": "npm run build -- -c dev",
      "build:prod": "npm run build -- -c production",
      "ng:serve": "ng serve",
      "ng:serve:web": "npm run postinstall:web && ng serve -o",
      "electron:tsc": "tsc main.ts",
      "electron:serve": "wait-on http-get://localhost:4200/ && npm run electron:tsc && electron . --serve",
      "electron:local": "npm run build:prod && electron .",
      "electron:linux": "npm run build:prod && npx electron-builder build --linux",
      "electron:windows": "npm run build:prod && npx electron-builder build --windows",
      "electron:mac": "npm run build:prod && npx electron-builder build --mac",
      "test": "npm run postinstall:web && ng test",
      "e2e": "npm run postinstall:web && ng e2e"
    },
    "dependencies": {},
    "devDependencies": {
      "@angular-devkit/build-angular": "0.6.3",
      "@angular/cli": "6.0.5",
      "@angular/common": "6.0.5",
      "@angular/compiler": "6.0.5",
      "@angular/compiler-cli": "6.0.5",
      "@angular/core": "6.0.5",
      "@angular/forms": "6.0.5",
      "@angular/http": "6.0.5",
      "@angular/language-service": "6.0.5",
      "@angular/platform-browser": "6.0.5",
      "@angular/platform-browser-dynamic": "6.0.5",
      "@angular/router": "6.0.5",
      "@ngx-translate/core": "10.0.1",
      "@ngx-translate/http-loader": "3.0.1",
      "@types/jasmine": "2.8.7",
      "@types/jasminewd2": "2.0.3",
      "@types/node": "8.9.4",
      "codelyzer": "4.2.1",
      "core-js": "2.5.6",
      "electron": "2.0.3",
      "electron-builder": "20.14.7",
      "electron-reload": "1.2.2",
      "jasmine-core": "3.1.0",
      "jasmine-spec-reporter": "4.2.1",
      "karma": "2.0.2",
      "karma-chrome-launcher": "2.2.0",
      "karma-coverage-istanbul-reporter": "2.0.0",
      "karma-jasmine": "1.1.2",
      "karma-jasmine-html-reporter": "1.1.0",
      "npm-run-all": "4.1.3",
      "npx": "10.2.0",
      "protractor": "5.3.2",
      "rxjs": "6.1.0",
      "ts-node": "6.0.3",
      "tslint": "5.10.0",
      "typescript": "2.7.2",
      "wait-on": "2.1.0",
      "webdriver-manager": "12.0.6",
      "zone.js": "0.8.26"
    }
  }

yarn manifest: 
  No manifest

Lockfile: 
  No lockfile
